Error in manager query equipementByStatus: Error: Unknown column 'status' in 'field list'
    at getManagerStatistics (C:\Users\mmxb2\OneDrive\Bureau\PFE\backend\controllers\statisticsController.js:238:35)
    at process.processTicksAndRejections (node:internal/process/task_queues:103:5) {
  code: 'ER_BAD_FIELD_ERROR',
  errno: 1054,
  sqlState: '42S22',
  sqlMessage: "Unknown column 'status' in 'field list'",
  sql: '\n' +
    '          SELECT status, COUNT(*) as count \n' +
    '          FROM equipements \n' +
    '          GROUP BY status \n' +
    '          ORDER BY count DESC\n' +
    '        '
}
Error in manager query equipementByStatus: Error: Unknown column 'status' in 'field list'
    at getManagerStatistics (C:\Users\mmxb2\OneDrive\Bureau\PFE\backend\controllers\statisticsController.js:238:35)
    at process.processTicksAndRejections (node:internal/process/task_queues:103:5) {
  code: 'ER_BAD_FIELD_ERROR',
  errno: 1054,
  sqlState: '42S22',
  sqlMessage: "Unknown column 'status' in 'field list'",
  sql: '\n' +
    '          SELECT status, COUNT(*) as count \n' +
    '          FROM equipements \n' +
    '          GROUP BY status \n' +
    '          ORDER BY count DESC\n' +
    '        '
}
Error in manager query equipementByStatus: Error: Unknown column 'status' in 'field list'
    at getManagerStatistics (C:\Users\mmxb2\OneDrive\Bureau\PFE\backend\controllers\statisticsController.js:238:35)
    at process.processTicksAndRejections (node:internal/process/task_queues:103:5) {
  code: 'ER_BAD_FIELD_ERROR',
  errno: 1054,
  sqlState: '42S22',
  sqlMessage: "Unknown column 'status' in 'field list'",
  sql: '\n' +
    '          SELECT status, COUNT(*) as count \n' +
    '          FROM equipements \n' +
    '          GROUP BY status \n' +
    '          ORDER BY count DESC\n' +
    '        '
}
Error in manager query equipementByStatus: Error: Unknown column 'status' in 'field list'
    at getManagerStatistics (C:\Users\mmxb2\OneDrive\Bureau\PFE\backend\controllers\statisticsController.js:238:35)
    at process.processTicksAndRejections (node:internal/process/task_queues:103:5) {
  code: 'ER_BAD_FIELD_ERROR',
  errno: 1054,
  sqlState: '42S22',
  sqlMessage: "Unknown column 'status' in 'field list'",
  sql: '\n' +
    '          SELECT status, COUNT(*) as count \n' +
    '          FROM equipements \n' +
    '          GROUP BY status \n' +
    '          ORDER BY count DESC\n' +
    '        '
}
Error in manager query equipementByStatus: Error: Unknown column 'status' in 'field list'
    at getManagerStatistics (C:\Users\mmxb2\OneDrive\Bureau\PFE\backend\controllers\statisticsController.js:238:35)
    at process.processTicksAndRejections (node:internal/process/task_queues:103:5) {
  code: 'ER_BAD_FIELD_ERROR',
  errno: 1054,
  sqlState: '42S22',
  sqlMessage: "Unknown column 'status' in 'field list'",
  sql: '\n' +
    '          SELECT status, COUNT(*) as count \n' +
    '          FROM equipements \n' +
    '          GROUP BY status \n' +
    '          ORDER BY count DESC\n' +
    '        '
}
Error in manager query equipementByStatus: Error: Unknown column 'status' in 'field list'
    at getManagerStatistics (C:\Users\mmxb2\OneDrive\Bureau\PFE\backend\controllers\statisticsController.js:238:35)
    at process.processTicksAndRejections (node:internal/process/task_queues:103:5) {
  code: 'ER_BAD_FIELD_ERROR',
  errno: 1054,
  sqlState: '42S22',
  sqlMessage: "Unknown column 'status' in 'field list'",
  sql: '\n' +
    '          SELECT status, COUNT(*) as count \n' +
    '          FROM equipements \n' +
    '          GROUP BY status \n' +
    '          ORDER BY count DESC\n' +
    '        '
}
Error in manager query equipementByStatus: Error: Unknown column 'status' in 'field list'
    at getManagerStatistics (C:\Users\mmxb2\OneDrive\Bureau\PFE\backend\controllers\statisticsController.js:238:35)
    at process.processTicksAndRejections (node:internal/process/task_queues:103:5) {
  code: 'ER_BAD_FIELD_ERROR',
  errno: 1054,
  sqlState: '42S22',
  sqlMessage: "Unknown column 'status' in 'field list'",
  sql: '\n' +
    '          SELECT status, COUNT(*) as count \n' +
    '          FROM equipements \n' +
    '          GROUP BY status \n' +
    '          ORDER BY count DESC\n' +
    '        '
}
Error in manager query equipementByStatus: Error: Unknown column 'status' in 'field list'
    at getManagerStatistics (C:\Users\mmxb2\OneDrive\Bureau\PFE\backend\controllers\statisticsController.js:238:35)
    at process.processTicksAndRejections (node:internal/process/task_queues:103:5) {
  code: 'ER_BAD_FIELD_ERROR',
  errno: 1054,
  sqlState: '42S22',
  sqlMessage: "Unknown column 'status' in 'field list'",
  sql: '\n' +
    '          SELECT status, COUNT(*) as count \n' +
    '          FROM equipements \n' +
    '          GROUP BY status \n' +
    '          ORDER BY count DESC\n' +
    '        '
}
Error sending invitation email to internal user: Error: Missing credentials for "PLAIN"
    at SMTPConnection._formatError (C:\Users\mmxb2\OneDrive\Bureau\PFE\backend\node_modules\nodemailer\lib\smtp-connection\index.js:887:19)
    at SMTPConnection.login (C:\Users\mmxb2\OneDrive\Bureau\PFE\backend\node_modules\nodemailer\lib\smtp-connection\index.js:524:38)
    at C:\Users\mmxb2\OneDrive\Bureau\PFE\backend\node_modules\nodemailer\lib\smtp-transport\index.js:261:32
    at SMTPConnection.<anonymous> (C:\Users\mmxb2\OneDrive\Bureau\PFE\backend\node_modules\nodemailer\lib\smtp-connection\index.js:248:17)
    at Object.onceWrapper (node:events:622:28)
    at SMTPConnection.emit (node:events:508:28)
    at SMTPConnection._actionEHLO (C:\Users\mmxb2\OneDrive\Bureau\PFE\backend\node_modules\nodemailer\lib\smtp-connection\index.js:1479:14)
    at SMTPConnection._processResponse (C:\Users\mmxb2\OneDrive\Bureau\PFE\backend\node_modules\nodemailer\lib\smtp-connection\index.js:1072:20)
    at SMTPConnection._onData (C:\Users\mmxb2\OneDrive\Bureau\PFE\backend\node_modules\nodemailer\lib\smtp-connection\index.js:847:14)
    at SMTPConnection._onSocketData (C:\Users\mmxb2\OneDrive\Bureau\PFE\backend\node_modules\nodemailer\lib\smtp-connection\index.js:217:44) {
  code: 'EAUTH',
  command: 'API'
}
Error in manager query equipementByStatus: Error: Unknown column 'status' in 'field list'
    at getManagerStatistics (C:\Users\mmxb2\OneDrive\Bureau\PFE\backend\controllers\statisticsController.js:238:35)
    at process.processTicksAndRejections (node:internal/process/task_queues:103:5) {
  code: 'ER_BAD_FIELD_ERROR',
  errno: 1054,
  sqlState: '42S22',
  sqlMessage: "Unknown column 'status' in 'field list'",
  sql: '\n' +
    '          SELECT status, COUNT(*) as count \n' +
    '          FROM equipements \n' +
    '          GROUP BY status \n' +
    '          ORDER BY count DESC\n' +
    '        '
}
Error in manager query equipementByStatus: Error: Unknown column 'status' in 'field list'
    at getManagerStatistics (C:\Users\mmxb2\OneDrive\Bureau\PFE\backend\controllers\statisticsController.js:238:35)
    at process.processTicksAndRejections (node:internal/process/task_queues:103:5) {
  code: 'ER_BAD_FIELD_ERROR',
  errno: 1054,
  sqlState: '42S22',
  sqlMessage: "Unknown column 'status' in 'field list'",
  sql: '\n' +
    '          SELECT status, COUNT(*) as count \n' +
    '          FROM equipements \n' +
    '          GROUP BY status \n' +
    '          ORDER BY count DESC\n' +
    '        '
}
Error in manager query equipementByStatus: Error: Unknown column 'status' in 'field list'
    at getManagerStatistics (C:\Users\mmxb2\OneDrive\Bureau\PFE\backend\controllers\statisticsController.js:238:35)
    at process.processTicksAndRejections (node:internal/process/task_queues:103:5) {
  code: 'ER_BAD_FIELD_ERROR',
  errno: 1054,
  sqlState: '42S22',
  sqlMessage: "Unknown column 'status' in 'field list'",
  sql: '\n' +
    '          SELECT status, COUNT(*) as count \n' +
    '          FROM equipements \n' +
    '          GROUP BY status \n' +
    '          ORDER BY count DESC\n' +
    '        '
}
Error in manager query equipementByStatus: Error: Unknown column 'status' in 'field list'
    at getManagerStatistics (C:\Users\mmxb2\OneDrive\Bureau\PFE\backend\controllers\statisticsController.js:238:35)
    at process.processTicksAndRejections (node:internal/process/task_queues:103:5) {
  code: 'ER_BAD_FIELD_ERROR',
  errno: 1054,
  sqlState: '42S22',
  sqlMessage: "Unknown column 'status' in 'field list'",
  sql: '\n' +
    '          SELECT status, COUNT(*) as count \n' +
    '          FROM equipements \n' +
    '          GROUP BY status \n' +
    '          ORDER BY count DESC\n' +
    '        '
}
Error in manager query equipementByStatus: Error: Unknown column 'status' in 'field list'
    at getManagerStatistics (C:\Users\mmxb2\OneDrive\Bureau\PFE\backend\controllers\statisticsController.js:238:35)
    at process.processTicksAndRejections (node:internal/process/task_queues:103:5) {
  code: 'ER_BAD_FIELD_ERROR',
  errno: 1054,
  sqlState: '42S22',
  sqlMessage: "Unknown column 'status' in 'field list'",
  sql: '\n' +
    '          SELECT status, COUNT(*) as count \n' +
    '          FROM equipements \n' +
    '          GROUP BY status \n' +
    '          ORDER BY count DESC\n' +
    '        '
}
Error in manager query equipementByStatus: Error: Unknown column 'status' in 'field list'
    at getManagerStatistics (C:\Users\mmxb2\OneDrive\Bureau\PFE\backend\controllers\statisticsController.js:238:35)
    at process.processTicksAndRejections (node:internal/process/task_queues:103:5) {
  code: 'ER_BAD_FIELD_ERROR',
  errno: 1054,
  sqlState: '42S22',
  sqlMessage: "Unknown column 'status' in 'field list'",
  sql: '\n' +
    '          SELECT status, COUNT(*) as count \n' +
    '          FROM equipements \n' +
    '          GROUP BY status \n' +
    '          ORDER BY count DESC\n' +
    '        '
}
Error in manager query equipementByStatus: Error: Unknown column 'status' in 'field list'
    at getManagerStatistics (C:\Users\mmxb2\OneDrive\Bureau\PFE\backend\controllers\statisticsController.js:238:35)
    at process.processTicksAndRejections (node:internal/process/task_queues:103:5) {
  code: 'ER_BAD_FIELD_ERROR',
  errno: 1054,
  sqlState: '42S22',
  sqlMessage: "Unknown column 'status' in 'field list'",
  sql: '\n' +
    '          SELECT status, COUNT(*) as count \n' +
    '          FROM equipements \n' +
    '          GROUP BY status \n' +
    '          ORDER BY count DESC\n' +
    '        '
}
Error in manager query equipementByStatus: Error: Unknown column 'status' in 'field list'
    at getManagerStatistics (C:\Users\mmxb2\OneDrive\Bureau\PFE\backend\controllers\statisticsController.js:238:35)
    at process.processTicksAndRejections (node:internal/process/task_queues:103:5) {
  code: 'ER_BAD_FIELD_ERROR',
  errno: 1054,
  sqlState: '42S22',
  sqlMessage: "Unknown column 'status' in 'field list'",
  sql: '\n' +
    '          SELECT status, COUNT(*) as count \n' +
    '          FROM equipements \n' +
    '          GROUP BY status \n' +
    '          ORDER BY count DESC\n' +
    '        '
}
Error in manager query equipementByStatus: Error: Unknown column 'status' in 'field list'
    at getManagerStatistics (C:\Users\mmxb2\OneDrive\Bureau\PFE\backend\controllers\statisticsController.js:238:35)
    at process.processTicksAndRejections (node:internal/process/task_queues:103:5) {
  code: 'ER_BAD_FIELD_ERROR',
  errno: 1054,
  sqlState: '42S22',
  sqlMessage: "Unknown column 'status' in 'field list'",
  sql: '\n' +
    '          SELECT status, COUNT(*) as count \n' +
    '          FROM equipements \n' +
    '          GROUP BY status \n' +
    '          ORDER BY count DESC\n' +
    '        '
}
Error in manager query equipementByStatus: Error: Unknown column 'status' in 'field list'
    at getManagerStatistics (C:\Users\mmxb2\OneDrive\Bureau\PFE\backend\controllers\statisticsController.js:238:35)
    at process.processTicksAndRejections (node:internal/process/task_queues:103:5) {
  code: 'ER_BAD_FIELD_ERROR',
  errno: 1054,
  sqlState: '42S22',
  sqlMessage: "Unknown column 'status' in 'field list'",
  sql: '\n' +
    '          SELECT status, COUNT(*) as count \n' +
    '          FROM equipements \n' +
    '          GROUP BY status \n' +
    '          ORDER BY count DESC\n' +
    '        '
}
Error in manager query equipementByStatus: Error: Unknown column 'status' in 'field list'
    at getManagerStatistics (C:\Users\mmxb2\OneDrive\Bureau\PFE\backend\controllers\statisticsController.js:238:35)
    at process.processTicksAndRejections (node:internal/process/task_queues:103:5) {
  code: 'ER_BAD_FIELD_ERROR',
  errno: 1054,
  sqlState: '42S22',
  sqlMessage: "Unknown column 'status' in 'field list'",
  sql: '\n' +
    '          SELECT status, COUNT(*) as count \n' +
    '          FROM equipements \n' +
    '          GROUP BY status \n' +
    '          ORDER BY count DESC\n' +
    '        '
}
Error in manager query equipementByStatus: Error: Unknown column 'status' in 'field list'
    at getManagerStatistics (C:\Users\mmxb2\OneDrive\Bureau\PFE\backend\controllers\statisticsController.js:238:35)
    at process.processTicksAndRejections (node:internal/process/task_queues:103:5) {
  code: 'ER_BAD_FIELD_ERROR',
  errno: 1054,
  sqlState: '42S22',
  sqlMessage: "Unknown column 'status' in 'field list'",
  sql: '\n' +
    '          SELECT status, COUNT(*) as count \n' +
    '          FROM equipements \n' +
    '          GROUP BY status \n' +
    '          ORDER BY count DESC\n' +
    '        '
}
Error in manager query equipementByStatus: Error: Unknown column 'status' in 'field list'
    at getManagerStatistics (C:\Users\mmxb2\OneDrive\Bureau\PFE\backend\controllers\statisticsController.js:238:35)
    at process.processTicksAndRejections (node:internal/process/task_queues:103:5) {
  code: 'ER_BAD_FIELD_ERROR',
  errno: 1054,
  sqlState: '42S22',
  sqlMessage: "Unknown column 'status' in 'field list'",
  sql: '\n' +
    '          SELECT status, COUNT(*) as count \n' +
    '          FROM equipements \n' +
    '          GROUP BY status \n' +
    '          ORDER BY count DESC\n' +
    '        '
}
Error in manager query equipementByStatus: Error: Unknown column 'status' in 'field list'
    at getManagerStatistics (C:\Users\mmxb2\OneDrive\Bureau\PFE\backend\controllers\statisticsController.js:238:35)
    at process.processTicksAndRejections (node:internal/process/task_queues:103:5) {
  code: 'ER_BAD_FIELD_ERROR',
  errno: 1054,
  sqlState: '42S22',
  sqlMessage: "Unknown column 'status' in 'field list'",
  sql: '\n' +
    '          SELECT status, COUNT(*) as count \n' +
    '          FROM equipements \n' +
    '          GROUP BY status \n' +
    '          ORDER BY count DESC\n' +
    '        '
}
Error in manager query equipementByStatus: Error: Unknown column 'status' in 'field list'
    at getManagerStatistics (C:\Users\mmxb2\OneDrive\Bureau\PFE\backend\controllers\statisticsController.js:238:35)
    at process.processTicksAndRejections (node:internal/process/task_queues:103:5) {
  code: 'ER_BAD_FIELD_ERROR',
  errno: 1054,
  sqlState: '42S22',
  sqlMessage: "Unknown column 'status' in 'field list'",
  sql: '\n' +
    '          SELECT status, COUNT(*) as count \n' +
    '          FROM equipements \n' +
    '          GROUP BY status \n' +
    '          ORDER BY count DESC\n' +
    '        '
}
Error in manager query equipementByStatus: Error: Unknown column 'status' in 'field list'
    at getManagerStatistics (C:\Users\mmxb2\OneDrive\Bureau\PFE\backend\controllers\statisticsController.js:238:35)
    at process.processTicksAndRejections (node:internal/process/task_queues:103:5) {
  code: 'ER_BAD_FIELD_ERROR',
  errno: 1054,
  sqlState: '42S22',
  sqlMessage: "Unknown column 'status' in 'field list'",
  sql: '\n' +
    '          SELECT status, COUNT(*) as count \n' +
    '          FROM equipements \n' +
    '          GROUP BY status \n' +
    '          ORDER BY count DESC\n' +
    '        '
}
Error in manager query equipementByStatus: Error: Unknown column 'status' in 'field list'
    at getManagerStatistics (C:\Users\mmxb2\OneDrive\Bureau\PFE\backend\controllers\statisticsController.js:238:35)
    at process.processTicksAndRejections (node:internal/process/task_queues:103:5) {
  code: 'ER_BAD_FIELD_ERROR',
  errno: 1054,
  sqlState: '42S22',
  sqlMessage: "Unknown column 'status' in 'field list'",
  sql: '\n' +
    '          SELECT status, COUNT(*) as count \n' +
    '          FROM equipements \n' +
    '          GROUP BY status \n' +
    '          ORDER BY count DESC\n' +
    '        '
}
Error in manager query equipementByStatus: Error: Unknown column 'status' in 'field list'
    at getManagerStatistics (C:\Users\mmxb2\OneDrive\Bureau\PFE\backend\controllers\statisticsController.js:238:35)
    at process.processTicksAndRejections (node:internal/process/task_queues:103:5) {
  code: 'ER_BAD_FIELD_ERROR',
  errno: 1054,
  sqlState: '42S22',
  sqlMessage: "Unknown column 'status' in 'field list'",
  sql: '\n' +
    '          SELECT status, COUNT(*) as count \n' +
    '          FROM equipements \n' +
    '          GROUP BY status \n' +
    '          ORDER BY count DESC\n' +
    '        '
}
Error in manager query equipementByStatus: Error: Unknown column 'status' in 'field list'
    at getManagerStatistics (C:\Users\mmxb2\OneDrive\Bureau\PFE\backend\controllers\statisticsController.js:238:35)
    at process.processTicksAndRejections (node:internal/process/task_queues:103:5) {
  code: 'ER_BAD_FIELD_ERROR',
  errno: 1054,
  sqlState: '42S22',
  sqlMessage: "Unknown column 'status' in 'field list'",
  sql: '\n' +
    '          SELECT status, COUNT(*) as count \n' +
    '          FROM equipements \n' +
    '          GROUP BY status \n' +
    '          ORDER BY count DESC\n' +
    '        '
}
Error in manager query equipementByStatus: Error: Unknown column 'status' in 'field list'
    at getManagerStatistics (C:\Users\mmxb2\OneDrive\Bureau\PFE\backend\controllers\statisticsController.js:238:35)
    at process.processTicksAndRejections (node:internal/process/task_queues:103:5) {
  code: 'ER_BAD_FIELD_ERROR',
  errno: 1054,
  sqlState: '42S22',
  sqlMessage: "Unknown column 'status' in 'field list'",
  sql: '\n' +
    '          SELECT status, COUNT(*) as count \n' +
    '          FROM equipements \n' +
    '          GROUP BY status \n' +
    '          ORDER BY count DESC\n' +
    '        '
}
